<?xml version="1.0" encoding="UTF-8"?>
<!-- Generated by org.testng.reporters.JUnitReportReporter -->
<testsuite hostname="DESKTOP-ARDEGM8" failures="0" tests="1" name="com.test.CreateGeneralNegative2Test" time="96.965" errors="0" timestamp="2023-08-03T11:34:07 IST" skipped="0">
  <testcase classname="com.test.CreateGeneralNegative2Test" name="enterAllDetailsandSelectAllNames" time="96.965"/>
</testsuite> <!-- com.test.CreateGeneralNegative2Test -->
