<?xml version="1.0" encoding="UTF-8"?>
<!-- Generated by org.testng.reporters.JUnitReportReporter -->
<testsuite hostname="Vijays-MacBook-Pro.local" failures="0" tests="1" name="com.test.ViewGeneralMatterUpdateGroupsTest" time="25.484" errors="0" timestamp="2023-07-10T13:25:22 IST" skipped="0">
  <testcase classname="com.test.ViewGeneralMatterUpdateGroupsTest" name="selectedGroupNamesareDisplay" time="25.484"/>
  <system-out/>
</testsuite> <!-- com.test.ViewGeneralMatterUpdateGroupsTest -->
