<?xml version="1.0" encoding="UTF-8"?>
<!-- Generated by org.testng.reporters.JUnitReportReporter -->
<testsuite hostname="DESKTOP-ARDEGM8" failures="0" tests="1" name="com.test.CreateGeneralMatterNegativeTestCases1" time="104.574" errors="0" timestamp="2023-07-27T10:53:51 IST" skipped="0">
  <testcase classname="com.test.CreateGeneralMatterNegativeTestCases1" name="tempClientsIndividualsWithTeamMembers" time="104.574"/>
</testsuite> <!-- com.test.CreateGeneralMatterNegativeTestCases1 -->
