<?xml version="1.0" encoding="UTF-8"?>
<!-- Generated by org.testng.reporters.JUnitReportReporter -->
<testsuite hostname="DESKTOP-ARDEGM8" failures="0" tests="1" name="com.test.EditMeetingsTest" time="134.506" errors="0" timestamp="2023-10-03T16:04:02 IST" skipped="0">
  <testcase classname="com.test.EditMeetingsTest" name="editMeeting" time="134.506"/>
</testsuite> <!-- com.test.EditMeetingsTest -->
