<?xml version="1.0" encoding="UTF-8"?>
<!-- Generated by org.testng.reporters.JUnitReportReporter -->
<testsuite hostname="DESKTOP-ARDEGM8" failures="0" tests="1" name="com.test.CreateGeneralMatterTest" time="96.826" errors="0" timestamp="2023-07-19T21:01:01 IST" skipped="0">
  <testcase classname="com.test.CreateGeneralMatterTest" name="tempClientsIndividualsandEntity" time="96.826"/>
  <system-out/>
</testsuite> <!-- com.test.CreateGeneralMatterTest -->
