<?xml version="1.0" encoding="UTF-8"?>
<!-- Generated by org.testng.reporters.JUnitReportReporter -->
<testsuite hostname="DESKTOP-ARDEGM8" failures="0" tests="2" name="com.test.CreateAllDayEventWithMonthlyRepetitionTest" time="222.092" errors="0" timestamp="2023-09-15T09:09:40 IST" skipped="0">
  <testcase classname="com.test.CreateAllDayEventWithMonthlyRepetitionTest" name="allFieldsEntered" time="106.897"/>
  <testcase classname="com.test.CreateAllDayEventWithMonthlyRepetitionTest" name="allFieldsEntered" time="115.195"/>
</testsuite> <!-- com.test.CreateAllDayEventWithMonthlyRepetitionTest -->
