<?xml version="1.0" encoding="UTF-8"?>
<!-- Generated by org.testng.reporters.JUnitReportReporter -->
<testsuite hostname="DESKTOP-ARDEGM8" failures="0" tests="1" name="com.test.CreateBiWeeklyEventForOverhead" time="127.449" errors="0" timestamp="2023-09-11T12:11:42 IST" skipped="0">
  <testcase classname="com.test.CreateBiWeeklyEventForOverhead" name="allFieldsEntered" time="127.449"/>
</testsuite> <!-- com.test.CreateBiWeeklyEventForOverhead -->
