<?xml version="1.0" encoding="UTF-8"?>
<!-- Generated by org.testng.reporters.JUnitReportReporter -->
<testsuite hostname="DESKTOP-ARDEGM8" failures="0" tests="1" name="com.test.CreateMeetingsTest" time="105.600" errors="0" timestamp="2023-09-07T09:59:45 IST" skipped="0">
  <testcase classname="com.test.CreateMeetingsTest" name="subjectTaskConferenceWithRepetitionDaily" time="105.600"/>
</testsuite> <!-- com.test.CreateMeetingsTest -->
