<?xml version="1.0" encoding="UTF-8"?>
<!-- Generated by org.testng.reporters.JUnitReportReporter -->
<testsuite hostname="DESKTOP-ARDEGM8" failures="0" tests="5" name="com.test.CreateAllDayEventWithYearlyRepetitionTest" time="754.014" errors="0" timestamp="2023-09-15T09:59:33 IST" skipped="0">
  <testcase classname="com.test.CreateAllDayEventWithYearlyRepetitionTest" name="allFieldsEntered" time="145.719"/>
  <testcase classname="com.test.CreateAllDayEventWithYearlyRepetitionTest" name="allFieldsEntered" time="149.318"/>
  <testcase classname="com.test.CreateAllDayEventWithYearlyRepetitionTest" name="allFieldsEntered" time="156.713"/>
  <testcase classname="com.test.CreateAllDayEventWithYearlyRepetitionTest" name="allFieldsEntered" time="152.798"/>
  <testcase classname="com.test.CreateAllDayEventWithYearlyRepetitionTest" name="allFieldsEntered" time="149.466"/>
</testsuite> <!-- com.test.CreateAllDayEventWithYearlyRepetitionTest -->
