<?xml version="1.0" encoding="UTF-8"?>
<!-- Generated by org.testng.reporters.JUnitReportReporter -->
<testsuite hostname="DESKTOP-ARDEGM8" failures="0" tests="1" name="com.test.CreateAllDayEventWithDailyRepetitionTest" time="111.322" errors="0" timestamp="2023-09-12T15:39:34 IST" skipped="0">
  <testcase classname="com.test.CreateAllDayEventWithDailyRepetitionTest" name="allFieldsEntered" time="111.322"/>
</testsuite> <!-- com.test.CreateAllDayEventWithDailyRepetitionTest -->
