<?xml version="1.0" encoding="UTF-8"?>
<!-- Generated by org.testng.reporters.JUnitReportReporter -->
<testsuite hostname="DESKTOP-ARDEGM8" failures="0" tests="1" name="com.test.CreateMemberTest" time="76.300" errors="0" timestamp="2023-10-09T13:29:24 IST" skipped="0">
  <testcase classname="com.test.CreateMemberTest" name="checkNavigationafterClickCancelWithNoOnAssignGroupPage" time="76.300"/>
</testsuite> <!-- com.test.CreateMemberTest -->
