<?xml version="1.0" encoding="UTF-8"?>
<!-- Generated by org.testng.reporters.JUnitReportReporter -->
<testsuite hostname="Vijays-MBP.domain.name" failures="0" tests="1" name="com.test.CreatedGroupTest" time="12.473" errors="0" timestamp="2023-06-30T19:32:53 IST" skipped="0">
  <testcase classname="com.test.CreatedGroupTest" name="CreatedGroupsWithZeroMember" time="12.473"/>
  <system-out/>
</testsuite> <!-- com.test.CreatedGroupTest -->
