<?xml version="1.0" encoding="UTF-8"?>
<!-- Generated by org.testng.reporters.JUnitReportReporter -->
<testsuite hostname="DESKTOP-ARDEGM8" failures="0" tests="1" name="com.test.ViewMembersTest" time="40.415" errors="0" timestamp="2023-10-09T16:09:18 IST" skipped="0">
  <testcase classname="com.test.ViewMembersTest" name="newdeleteMemberAccount" time="40.415"/>
</testsuite> <!-- com.test.ViewMembersTest -->
