<?xml version="1.0" encoding="UTF-8"?>
<!-- Generated by org.testng.reporters.JUnitReportReporter -->
<testsuite hostname="DESKTOP-ARDEGM8" failures="0" tests="1" name="com.test.CreateYearlyEventForOverhead" time="180.125" errors="0" timestamp="2023-09-11T12:19:52 IST" skipped="0">
  <testcase classname="com.test.CreateYearlyEventForOverhead" name="allFieldsEntered" time="180.125"/>
</testsuite> <!-- com.test.CreateYearlyEventForOverhead -->
