<?xml version="1.0" encoding="UTF-8"?>
<!-- Generated by org.testng.reporters.JUnitReportReporter -->
<testsuite hostname="Vijays-MBP.domain.name" failures="0" tests="1" name="com.test.CreateGeneralMatterNewTest" time="22.657" errors="0" timestamp="2023-07-14T12:43:17 IST" skipped="0">
  <testcase classname="com.test.CreateGeneralMatterNewTest" name="matter1" time="22.657"/>
  <system-out/>
</testsuite> <!-- com.test.CreateGeneralMatterNewTest -->
